<?xml version="1.0" encoding="UTF-8"?>
<!-- Generated by org.testng.reporters.JUnitXMLReporter -->
<testsuite ignored="0" hostname="360NDCLP354" failures="0" tests="5" name="Surefire test" time="4.055" errors="0" timestamp="2023-09-22T11:16:58 IST">
  <testcase classname="requestMethods.Header_Tests" name="headerTest2" time="1.954"/>
  <testcase classname="requestMethods.Test01_GET" name="Test02" time="1.061"/>
  <testcase classname="requestMethods.Test01_GET" name="test_01" time="0.152"/>
  <testcase classname="requestMethods.Test02_GET" name="test_01" time="0.455"/>
  <testcase classname="requestMethods.Test_Posts" name="test_delete" time="0.389"/>
</testsuite> <!-- Surefire test -->
