<?xml version="1.0" encoding="UTF-8"?>
<testsuite xmlns:xsi="http://www.w3.org/2001/XMLSchema-instance" xsi:noNamespaceSchemaLocation="https://maven.apache.org/surefire/maven-surefire-plugin/xsd/surefire-test-report-3.0.xsd" version="3.0" name="TestSuite" time="4.69" tests="5" errors="0" skipped="0" failures="0">
  <properties>
[...]
</properties>
  <testcase name="headerTest2" classname="requestMethods.Header_Tests" time="1.957">
    <system-out><![CDATA[Date    Fri, 22 Sep 2023 05:45:55 GMT
Expires    -1
Cache-Control    private, max-age=0
Content-Type    text/html; charset=ISO-8859-1
Content-Security-Policy-Report-Only    object-src 'none';base-uri 'self';script-src 'nonce-0Jl14MQeejDyZLd0nA4fag' 'strict-dynamic' 'report-sample' 'unsafe-eval' 'unsafe-inline' https: http:;report-uri https://csp.withgoogle.com/csp/gws/other-hp
P3P    CP="This is not a P3P policy! See g.co/p3phelp for more info."
Content-Encoding    gzip
Server    gws
X-XSS-Protection    0
X-Frame-Options    SAMEORIGIN
Set-Cookie    1P_JAR=2023-09-22-05; expires=Sun, 22-Oct-2023 05:45:55 GMT; path=/; domain=.google.com; Secure
Set-Cookie    AEC=Ad49MVHW8p5xqIfSBjCgf71mqN3mEWl9E2GGwa6ZhrSx4p45In6lr9t8Rg; expires=Wed, 20-Mar-2024 05:45:55 GMT; path=/; domain=.google.com; Secure; HttpOnly; SameSite=lax
Set-Cookie    NID=511=jGjFbTLO-y7gR3cYxNTghTWqsokOqaSP0BU39P-DpZH-dtPo2v1UkORVyS0eYDceVydMuK-ja2eGtOpm-i_vySPx-xWhWUkyBHVplyCiQCjQUvQYYwNEoDeqMRY5NAqbDjBvfjMentWYSOPKjv9BEvSGMuPurnBn4oK9cmZmECE; expires=Sat, 23-Mar-2024 05:45:55 GMT; path=/; domain=.google.com; HttpOnly
Alt-Svc    h3=":443"; ma=2592000,h3-29=":443"; ma=2592000
Transfer-Encoding    chunked
]]></system-out>
    <system-err><![CDATA[SLF4J: Failed to load class "org.slf4j.impl.StaticLoggerBinder".
SLF4J: Defaulting to no-operation (NOP) logger implementation
SLF4J: See http://www.slf4j.org/codes.html#StaticLoggerBinder for further details.
]]></system-err>
  </testcase>
  <testcase name="Test02" classname="requestMethods.Test01_GET" time="1.058"/>
  <testcase name="test_01" classname="requestMethods.Test01_GET" time="0.154">
    <system-out><![CDATA[{"page":2,"per_page":6,"total":12,"total_pages":2,"data":[{"id":7,"email":"michael.lawson@reqres.in","first_name":"Michael","last_name":"Lawson","avatar":"https://reqres.in/img/faces/7-image.jpg"},{"id":8,"email":"lindsay.ferguson@reqres.in","first_name":"Lindsay","last_name":"Ferguson","avatar":"https://reqres.in/img/faces/8-image.jpg"},{"id":9,"email":"tobias.funke@reqres.in","first_name":"Tobias","last_name":"Funke","avatar":"https://reqres.in/img/faces/9-image.jpg"},{"id":10,"email":"byron.fields@reqres.in","first_name":"Byron","last_name":"Fields","avatar":"https://reqres.in/img/faces/10-image.jpg"},{"id":11,"email":"george.edwards@reqres.in","first_name":"George","last_name":"Edwards","avatar":"https://reqres.in/img/faces/11-image.jpg"},{"id":12,"email":"rachel.howell@reqres.in","first_name":"Rachel","last_name":"Howell","avatar":"https://reqres.in/img/faces/12-image.jpg"}],"support":{"url":"https://reqres.in/#support-heading","text":"To keep ReqRes free, contributions towards server costs are appreciated!"}}
{"page":2,"per_page":6,"total":12,"total_pages":2,"data":[{"id":7,"email":"michael.lawson@reqres.in","first_name":"Michael","last_name":"Lawson","avatar":"https://reqres.in/img/faces/7-image.jpg"},{"id":8,"email":"lindsay.ferguson@reqres.in","first_name":"Lindsay","last_name":"Ferguson","avatar":"https://reqres.in/img/faces/8-image.jpg"},{"id":9,"email":"tobias.funke@reqres.in","first_name":"Tobias","last_name":"Funke","avatar":"https://reqres.in/img/faces/9-image.jpg"},{"id":10,"email":"byron.fields@reqres.in","first_name":"Byron","last_name":"Fields","avatar":"https://reqres.in/img/faces/10-image.jpg"},{"id":11,"email":"george.edwards@reqres.in","first_name":"George","last_name":"Edwards","avatar":"https://reqres.in/img/faces/11-image.jpg"},{"id":12,"email":"rachel.howell@reqres.in","first_name":"Rachel","last_name":"Howell","avatar":"https://reqres.in/img/faces/12-image.jpg"}],"support":{"url":"https://reqres.in/#support-heading","text":"To keep ReqRes free, contributions towards server costs are appreciated!"}}
200
HTTP/1.1 200 OK
application/json; charset=utf-8
144
]]></system-out>
  </testcase>
  <testcase name="test_01" classname="requestMethods.Test02_GET" time="0.456">
    <system-out><![CDATA[HTTP/1.1 200 OK
Date: Fri, 22 Sep 2023 05:45:57 GMT
Content-Type: application/json; charset=utf-8
Transfer-Encoding: chunked
Connection: keep-alive
X-Powered-By: Express
Access-Control-Allow-Origin: *
Etag: W/"406-ut0vzoCuidvyMf8arZpMpJ6ZRDw"
Via: 1.1 vegur
Cache-Control: max-age=14400
CF-Cache-Status: MISS
Report-To: {"endpoints":[{"url":"https:\/\/a.nel.cloudflare.com\/report\/v3?s=aY9AhOQJQ8Bto94%2BWta7nJQ%2BquW1abh90ldpLt%2FHsjkqIX0YzI1BHt%2BEzXNiZuhHlsOjuVSnpXtWXgtewhiSyazCEwPa3qdirH08tq7ifgj2%2BdQzO8nnJvnR0g%3D%3D"}],"group":"cf-nel","max_age":604800}
NEL: {"success_fraction":0,"report_to":"cf-nel","max_age":604800}
Vary: Accept-Encoding
Server: cloudflare
CF-RAY: 80a83ea30e934412-BOM
Content-Encoding: gzip

{
    "page": 2,
    "per_page": 6,
    "total": 12,
    "total_pages": 2,
    "data": [
        {
            "id": 7,
            "email": "michael.lawson@reqres.in",
            "first_name": "Michael",
            "last_name": "Lawson",
            "avatar": "https://reqres.in/img/faces/7-image.jpg"
        },
        {
            "id": 8,
            "email": "lindsay.ferguson@reqres.in",
            "first_name": "Lindsay",
            "last_name": "Ferguson",
            "avatar": "https://reqres.in/img/faces/8-image.jpg"
        },
        {
            "id": 9,
            "email": "tobias.funke@reqres.in",
            "first_name": "Tobias",
            "last_name": "Funke",
            "avatar": "https://reqres.in/img/faces/9-image.jpg"
        },
        {
            "id": 10,
            "email": "byron.fields@reqres.in",
            "first_name": "Byron",
            "last_name": "Fields",
            "avatar": "https://reqres.in/img/faces/10-image.jpg"
        },
        {
            "id": 11,
            "email": "george.edwards@reqres.in",
            "first_name": "George",
            "last_name": "Edwards",
            "avatar": "https://reqres.in/img/faces/11-image.jpg"
        },
        {
            "id": 12,
            "email": "rachel.howell@reqres.in",
            "first_name": "Rachel",
            "last_name": "Howell",
            "avatar": "https://reqres.in/img/faces/12-image.jpg"
        }
    ],
    "support": {
        "url": "https://reqres.in/#support-heading",
        "text": "To keep ReqRes free, contributions towards server costs are appreciated!"
    }
}
]]></system-out>
  </testcase>
  <testcase name="test_delete" classname="requestMethods.Test_Posts" time="0.386">
    <system-out><![CDATA[HTTP/1.1 204 No Content
Date: Fri, 22 Sep 2023 05:45:57 GMT
Content-Length: 0
Connection: keep-alive
X-Powered-By: Express
Access-Control-Allow-Origin: *
Etag: W/"2-vyGp6PvFo4RvsFtPoIWeCReyIC8"
Via: 1.1 vegur
CF-Cache-Status: DYNAMIC
Report-To: {"endpoints":[{"url":"https:\/\/a.nel.cloudflare.com\/report\/v3?s=lTc6NaMhPBQgTWVJv25scuQFJkeYfHOWqYBgoSeUOEsTnWJfFpPIpUbIbCkszHVYK2ZnJG49%2B%2F40mz%2BoiiC7QK94wzO2eIWBcSUJNsQF%2BeDz8GnFI2fGVXkaLA%3D%3D"}],"group":"cf-nel","max_age":604800}
NEL: {"success_fraction":0,"report_to":"cf-nel","max_age":604800}
Server: cloudflare
CF-RAY: 80a83ea5c99e4166-BOM
]]></system-out>
  </testcase>
</testsuite>