<?xml version="1.0" encoding="UTF-8"?>
<testng-results ignored="0" total="5" passed="5" failed="0" skipped="0">
  <reporter-output>
  </reporter-output>
  <suite started-at="2023-09-22T11:16:54 IST" name="Surefire suite" finished-at="2023-09-22T11:16:58 IST" duration-ms="4055">
    <groups>
    </groups>
    <test started-at="2023-09-22T11:16:54 IST" name="Surefire test" finished-at="2023-09-22T11:16:58 IST" duration-ms="4055">
      <class name="requestMethods.Test01_GET">
        <test-method signature="Test02()[pri:0, instance:requestMethods.Test01_GET@7671cb68]" started-at="2023-09-22T11:16:56 IST" name="Test02" finished-at="2023-09-22T11:16:57 IST" duration-ms="1061" status="PASS">
          <reporter-output>
          </reporter-output>
        </test-method> <!-- Test02 -->
        <test-method signature="test_01()[pri:0, instance:requestMethods.Test01_GET@7671cb68]" started-at="2023-09-22T11:16:57 IST" name="test_01" finished-at="2023-09-22T11:16:57 IST" duration-ms="152" status="PASS">
          <reporter-output>
          </reporter-output>
        </test-method> <!-- test_01 -->
      </class> <!-- requestMethods.Test01_GET -->
      <class name="requestMethods.Header_Tests">
        <test-method signature="headerTest2()[pri:2, instance:requestMethods.Header_Tests@4da4253]" started-at="2023-09-22T11:16:54 IST" name="headerTest2" finished-at="2023-09-22T11:16:56 IST" duration-ms="1954" status="PASS">
          <reporter-output>
          </reporter-output>
        </test-method> <!-- headerTest2 -->
      </class> <!-- requestMethods.Header_Tests -->
      <class name="requestMethods.Test_Posts">
        <test-method signature="test_delete()[pri:0, instance:requestMethods.Test_Posts@6b8ca3c8]" started-at="2023-09-22T11:16:57 IST" name="test_delete" finished-at="2023-09-22T11:16:58 IST" duration-ms="389" status="PASS">
          <reporter-output>
          </reporter-output>
        </test-method> <!-- test_delete -->
      </class> <!-- requestMethods.Test_Posts -->
      <class name="requestMethods.Test02_GET">
        <test-method signature="test_01()[pri:0, instance:requestMethods.Test02_GET@49dc7102]" started-at="2023-09-22T11:16:57 IST" name="test_01" finished-at="2023-09-22T11:16:57 IST" duration-ms="455" status="PASS">
          <reporter-output>
          </reporter-output>
        </test-method> <!-- test_01 -->
      </class> <!-- requestMethods.Test02_GET -->
    </test> <!-- Surefire test -->
  </suite> <!-- Surefire suite -->
</testng-results>
