<?xml version="1.0" encoding="UTF-8"?>
<testng-results ignored="0" total="1" passed="1" failed="0" skipped="0">
  <reporter-output>
  </reporter-output>
  <suite started-at="2023-09-21T12:45:36 IST" name="Default suite" finished-at="2023-09-21T12:45:36 IST" duration-ms="58">
    <groups>
    </groups>
    <test started-at="2023-09-21T12:45:36 IST" name="Default test" finished-at="2023-09-21T12:45:36 IST" duration-ms="58">
      <class name="requestMethods.searchPage">
        <test-method signature="searchData()[pri:0, instance:requestMethods.searchPage@306f16f3]" started-at="2023-09-21T12:45:36 IST" name="searchData" finished-at="2023-09-21T12:45:36 IST" duration-ms="9" status="PASS">
          <reporter-output>
          </reporter-output>
        </test-method> <!-- searchData -->
      </class> <!-- requestMethods.searchPage -->
    </test> <!-- Default test -->
  </suite> <!-- Default suite -->
</testng-results>
